[2024-12-31 11:18:19,443] INFO [Controller id=0 epoch=1] Sending UpdateMetadata request to brokers HashSet(0) for 0 partitions (state.change.logger)
[2024-12-31 11:18:20,446] INFO [Controller id=0 epoch=1] Changed partition order_topic-0 state from NonExistentPartition to NewPartition with assigned replicas 0 (state.change.logger)
[2024-12-31 11:18:20,447] INFO [Controller id=0 epoch=1] Sending UpdateMetadata request to brokers HashSet() for 0 partitions (state.change.logger)
[2024-12-31 11:18:20,451] INFO [Controller id=0 epoch=1] Sending UpdateMetadata request to brokers HashSet() for 0 partitions (state.change.logger)
[2024-12-31 11:18:20,540] INFO [Controller id=0 epoch=1] Changed partition order_topic-0 from NewPartition to OnlinePartition with state LeaderAndIsr(leader=0, leaderEpoch=0, isrWithBrokerEpoch=List(BrokerState(brokerId=0, brokerEpoch=-1)), leaderRecoveryState=RECOVERED, partitionEpoch=0) (state.change.logger)
[2024-12-31 11:18:20,561] INFO [Controller id=0 epoch=1] Sending LeaderAndIsr request to broker 0 with 1 become-leader and 0 become-follower partitions (state.change.logger)
[2024-12-31 11:18:20,582] INFO [Controller id=0 epoch=1] Sending UpdateMetadata request to brokers HashSet(0) for 1 partitions (state.change.logger)
[2024-12-31 11:18:20,583] INFO [Controller id=0 epoch=1] Sending UpdateMetadata request to brokers HashSet() for 0 partitions (state.change.logger)
[2024-12-31 11:18:20,587] INFO [Broker id=0] Handling LeaderAndIsr request correlationId 1 from controller 0 for 1 partitions (state.change.logger)
[2024-12-31 11:18:20,612] INFO [Controller id=0 epoch=1] Changed partition __consumer_offsets-22 state from NonExistentPartition to NewPartition with assigned replicas 0 (state.change.logger)
[2024-12-31 11:18:20,612] INFO [Controller id=0 epoch=1] Changed partition __consumer_offsets-30 state from NonExistentPartition to NewPartition with assigned replicas 0 (state.change.logger)
[2024-12-31 11:18:20,612] INFO [Controller id=0 epoch=1] Changed partition __consumer_offsets-25 state from NonExistentPartition to NewPartition with assigned replicas 0 (state.change.logger)
[2024-12-31 11:18:20,612] INFO [Controller id=0 epoch=1] Changed partition __consumer_offsets-35 state from NonExistentPartition to NewPartition with assigned replicas 0 (state.change.logger)
[2024-12-31 11:18:20,612] INFO [Controller id=0 epoch=1] Changed partition __consumer_offsets-37 state from NonExistentPartition to NewPartition with assigned replicas 0 (state.change.logger)
[2024-12-31 11:18:20,612] INFO [Controller id=0 epoch=1] Changed partition __consumer_offsets-38 state from NonExistentPartition to NewPartition with assigned replicas 0 (state.change.logger)
[2024-12-31 11:18:20,612] INFO [Controller id=0 epoch=1] Changed partition __consumer_offsets-13 state from NonExistentPartition to NewPartition with assigned replicas 0 (state.change.logger)
[2024-12-31 11:18:20,612] INFO [Controller id=0 epoch=1] Changed partition __consumer_offsets-8 state from NonExistentPartition to NewPartition with assigned replicas 0 (state.change.logger)
[2024-12-31 11:18:20,612] INFO [Controller id=0 epoch=1] Changed partition __consumer_offsets-21 state from NonExistentPartition to NewPartition with assigned replicas 0 (state.change.logger)
[2024-12-31 11:18:20,612] INFO [Controller id=0 epoch=1] Changed partition __consumer_offsets-4 state from NonExistentPartition to NewPartition with assigned replicas 0 (state.change.logger)
[2024-12-31 11:18:20,612] INFO [Controller id=0 epoch=1] Changed partition __consumer_offsets-27 state from NonExistentPartition to NewPartition with assigned replicas 0 (state.change.logger)
[2024-12-31 11:18:20,612] INFO [Controller id=0 epoch=1] Changed partition __consumer_offsets-7 state from NonExistentPartition to NewPartition with assigned replicas 0 (state.change.logger)
[2024-12-31 11:18:20,612] INFO [Controller id=0 epoch=1] Changed partition __consumer_offsets-9 state from NonExistentPartition to NewPartition with assigned replicas 0 (state.change.logger)
[2024-12-31 11:18:20,612] INFO [Controller id=0 epoch=1] Changed partition __consumer_offsets-46 state from NonExistentPartition to NewPartition with assigned replicas 0 (state.change.logger)
[2024-12-31 11:18:20,612] INFO [Controller id=0 epoch=1] Changed partition __consumer_offsets-41 state from NonExistentPartition to NewPartition with assigned replicas 0 (state.change.logger)
[2024-12-31 11:18:20,613] INFO [Controller id=0 epoch=1] Changed partition __consumer_offsets-33 state from NonExistentPartition to NewPartition with assigned replicas 0 (state.change.logger)
[2024-12-31 11:18:20,613] INFO [Controller id=0 epoch=1] Changed partition __consumer_offsets-23 state from NonExistentPartition to NewPartition with assigned replicas 0 (state.change.logger)
[2024-12-31 11:18:20,613] INFO [Controller id=0 epoch=1] Changed partition __consumer_offsets-49 state from NonExistentPartition to NewPartition with assigned replicas 0 (state.change.logger)
[2024-12-31 11:18:20,613] INFO [Controller id=0 epoch=1] Changed partition __consumer_offsets-47 state from NonExistentPartition to NewPartition with assigned replicas 0 (state.change.logger)
[2024-12-31 11:18:20,613] INFO [Controller id=0 epoch=1] Changed partition __consumer_offsets-16 state from NonExistentPartition to NewPartition with assigned replicas 0 (state.change.logger)
[2024-12-31 11:18:20,613] INFO [Controller id=0 epoch=1] Changed partition __consumer_offsets-28 state from NonExistentPartition to NewPartition with assigned replicas 0 (state.change.logger)
[2024-12-31 11:18:20,613] INFO [Controller id=0 epoch=1] Changed partition __consumer_offsets-31 state from NonExistentPartition to NewPartition with assigned replicas 0 (state.change.logger)
[2024-12-31 11:18:20,613] INFO [Controller id=0 epoch=1] Changed partition __consumer_offsets-36 state from NonExistentPartition to NewPartition with assigned replicas 0 (state.change.logger)
[2024-12-31 11:18:20,613] INFO [Controller id=0 epoch=1] Changed partition __consumer_offsets-42 state from NonExistentPartition to NewPartition with assigned replicas 0 (state.change.logger)
[2024-12-31 11:18:20,613] INFO [Controller id=0 epoch=1] Changed partition __consumer_offsets-3 state from NonExistentPartition to NewPartition with assigned replicas 0 (state.change.logger)
[2024-12-31 11:18:20,613] INFO [Controller id=0 epoch=1] Changed partition __consumer_offsets-18 state from NonExistentPartition to NewPartition with assigned replicas 0 (state.change.logger)
[2024-12-31 11:18:20,613] INFO [Controller id=0 epoch=1] Changed partition __consumer_offsets-15 state from NonExistentPartition to NewPartition with assigned replicas 0 (state.change.logger)
[2024-12-31 11:18:20,613] INFO [Controller id=0 epoch=1] Changed partition __consumer_offsets-24 state from NonExistentPartition to NewPartition with assigned replicas 0 (state.change.logger)
[2024-12-31 11:18:20,613] INFO [Controller id=0 epoch=1] Changed partition __consumer_offsets-17 state from NonExistentPartition to NewPartition with assigned replicas 0 (state.change.logger)
[2024-12-31 11:18:20,613] INFO [Controller id=0 epoch=1] Changed partition __consumer_offsets-48 state from NonExistentPartition to NewPartition with assigned replicas 0 (state.change.logger)
[2024-12-31 11:18:20,613] INFO [Controller id=0 epoch=1] Changed partition __consumer_offsets-19 state from NonExistentPartition to NewPartition with assigned replicas 0 (state.change.logger)
[2024-12-31 11:18:20,613] INFO [Controller id=0 epoch=1] Changed partition __consumer_offsets-11 state from NonExistentPartition to NewPartition with assigned replicas 0 (state.change.logger)
[2024-12-31 11:18:20,613] INFO [Controller id=0 epoch=1] Changed partition __consumer_offsets-2 state from NonExistentPartition to NewPartition with assigned replicas 0 (state.change.logger)
[2024-12-31 11:18:20,613] INFO [Controller id=0 epoch=1] Changed partition __consumer_offsets-43 state from NonExistentPartition to NewPartition with assigned replicas 0 (state.change.logger)
[2024-12-31 11:18:20,613] INFO [Controller id=0 epoch=1] Changed partition __consumer_offsets-6 state from NonExistentPartition to NewPartition with assigned replicas 0 (state.change.logger)
[2024-12-31 11:18:20,614] INFO [Controller id=0 epoch=1] Changed partition __consumer_offsets-14 state from NonExistentPartition to NewPartition with assigned replicas 0 (state.change.logger)
[2024-12-31 11:18:20,614] INFO [Controller id=0 epoch=1] Changed partition __consumer_offsets-20 state from NonExistentPartition to NewPartition with assigned replicas 0 (state.change.logger)
[2024-12-31 11:18:20,614] INFO [Controller id=0 epoch=1] Changed partition __consumer_offsets-0 state from NonExistentPartition to NewPartition with assigned replicas 0 (state.change.logger)
[2024-12-31 11:18:20,614] INFO [Controller id=0 epoch=1] Changed partition __consumer_offsets-44 state from NonExistentPartition to NewPartition with assigned replicas 0 (state.change.logger)
[2024-12-31 11:18:20,614] INFO [Controller id=0 epoch=1] Changed partition __consumer_offsets-39 state from NonExistentPartition to NewPartition with assigned replicas 0 (state.change.logger)
[2024-12-31 11:18:20,614] INFO [Controller id=0 epoch=1] Changed partition __consumer_offsets-12 state from NonExistentPartition to NewPartition with assigned replicas 0 (state.change.logger)
[2024-12-31 11:18:20,614] INFO [Controller id=0 epoch=1] Changed partition __consumer_offsets-45 state from NonExistentPartition to NewPartition with assigned replicas 0 (state.change.logger)
[2024-12-31 11:18:20,614] INFO [Controller id=0 epoch=1] Changed partition __consumer_offsets-1 state from NonExistentPartition to NewPartition with assigned replicas 0 (state.change.logger)
[2024-12-31 11:18:20,614] INFO [Controller id=0 epoch=1] Changed partition __consumer_offsets-5 state from NonExistentPartition to NewPartition with assigned replicas 0 (state.change.logger)
[2024-12-31 11:18:20,614] INFO [Controller id=0 epoch=1] Changed partition __consumer_offsets-26 state from NonExistentPartition to NewPartition with assigned replicas 0 (state.change.logger)
[2024-12-31 11:18:20,614] INFO [Controller id=0 epoch=1] Changed partition __consumer_offsets-29 state from NonExistentPartition to NewPartition with assigned replicas 0 (state.change.logger)
[2024-12-31 11:18:20,614] INFO [Controller id=0 epoch=1] Changed partition __consumer_offsets-34 state from NonExistentPartition to NewPartition with assigned replicas 0 (state.change.logger)
[2024-12-31 11:18:20,614] INFO [Controller id=0 epoch=1] Changed partition __consumer_offsets-10 state from NonExistentPartition to NewPartition with assigned replicas 0 (state.change.logger)
[2024-12-31 11:18:20,614] INFO [Controller id=0 epoch=1] Changed partition __consumer_offsets-32 state from NonExistentPartition to NewPartition with assigned replicas 0 (state.change.logger)
[2024-12-31 11:18:20,614] INFO [Controller id=0 epoch=1] Changed partition __consumer_offsets-40 state from NonExistentPartition to NewPartition with assigned replicas 0 (state.change.logger)
[2024-12-31 11:18:20,614] INFO [Controller id=0 epoch=1] Sending UpdateMetadata request to brokers HashSet() for 0 partitions (state.change.logger)
[2024-12-31 11:18:20,615] INFO [Controller id=0 epoch=1] Sending UpdateMetadata request to brokers HashSet() for 0 partitions (state.change.logger)
[2024-12-31 11:18:20,640] INFO [Broker id=0] Stopped fetchers as part of LeaderAndIsr request correlationId 1 from controller 0 epoch 1 as part of the become-leader transition for 1 partitions (state.change.logger)
[2024-12-31 11:18:20,899] INFO [Broker id=0] Leader order_topic-0 with topic id Some(By19SqbDRf2xwjIv_1MTzg) starts at leader epoch 0 from offset 0 with partition epoch 0, high watermark 0, ISR [0], adding replicas [] and removing replicas [] . Previous leader None and previous leader epoch was -1. (state.change.logger)
[2024-12-31 11:18:21,018] INFO [Broker id=0] Finished LeaderAndIsr request in 429ms correlationId 1 from controller 0 for 1 partitions (state.change.logger)
[2024-12-31 11:18:21,041] INFO [Broker id=0] Add 1 partitions and deleted 0 partitions from metadata cache in response to UpdateMetadata request sent by controller 0 epoch 1 with correlation id 2 (state.change.logger)
[2024-12-31 11:18:21,244] INFO [Controller id=0 epoch=1] Changed partition __consumer_offsets-22 from NewPartition to OnlinePartition with state LeaderAndIsr(leader=0, leaderEpoch=0, isrWithBrokerEpoch=List(BrokerState(brokerId=0, brokerEpoch=-1)), leaderRecoveryState=RECOVERED, partitionEpoch=0) (state.change.logger)
[2024-12-31 11:18:21,244] INFO [Controller id=0 epoch=1] Changed partition __consumer_offsets-30 from NewPartition to OnlinePartition with state LeaderAndIsr(leader=0, leaderEpoch=0, isrWithBrokerEpoch=List(BrokerState(brokerId=0, brokerEpoch=-1)), leaderRecoveryState=RECOVERED, partitionEpoch=0) (state.change.logger)
[2024-12-31 11:18:21,244] INFO [Controller id=0 epoch=1] Changed partition __consumer_offsets-25 from NewPartition to OnlinePartition with state LeaderAndIsr(leader=0, leaderEpoch=0, isrWithBrokerEpoch=List(BrokerState(brokerId=0, brokerEpoch=-1)), leaderRecoveryState=RECOVERED, partitionEpoch=0) (state.change.logger)
[2024-12-31 11:18:21,244] INFO [Controller id=0 epoch=1] Changed partition __consumer_offsets-35 from NewPartition to OnlinePartition with state LeaderAndIsr(leader=0, leaderEpoch=0, isrWithBrokerEpoch=List(BrokerState(brokerId=0, brokerEpoch=-1)), leaderRecoveryState=RECOVERED, partitionEpoch=0) (state.change.logger)
[2024-12-31 11:18:21,244] INFO [Controller id=0 epoch=1] Changed partition __consumer_offsets-37 from NewPartition to OnlinePartition with state LeaderAndIsr(leader=0, leaderEpoch=0, isrWithBrokerEpoch=List(BrokerState(brokerId=0, brokerEpoch=-1)), leaderRecoveryState=RECOVERED, partitionEpoch=0) (state.change.logger)
[2024-12-31 11:18:21,244] INFO [Controller id=0 epoch=1] Changed partition __consumer_offsets-38 from NewPartition to OnlinePartition with state LeaderAndIsr(leader=0, leaderEpoch=0, isrWithBrokerEpoch=List(BrokerState(brokerId=0, brokerEpoch=-1)), leaderRecoveryState=RECOVERED, partitionEpoch=0) (state.change.logger)
[2024-12-31 11:18:21,244] INFO [Controller id=0 epoch=1] Changed partition __consumer_offsets-13 from NewPartition to OnlinePartition with state LeaderAndIsr(leader=0, leaderEpoch=0, isrWithBrokerEpoch=List(BrokerState(brokerId=0, brokerEpoch=-1)), leaderRecoveryState=RECOVERED, partitionEpoch=0) (state.change.logger)
[2024-12-31 11:18:21,245] INFO [Controller id=0 epoch=1] Changed partition __consumer_offsets-8 from NewPartition to OnlinePartition with state LeaderAndIsr(leader=0, leaderEpoch=0, isrWithBrokerEpoch=List(BrokerState(brokerId=0, brokerEpoch=-1)), leaderRecoveryState=RECOVERED, partitionEpoch=0) (state.change.logger)
[2024-12-31 11:18:21,245] INFO [Controller id=0 epoch=1] Changed partition __consumer_offsets-21 from NewPartition to OnlinePartition with state LeaderAndIsr(leader=0, leaderEpoch=0, isrWithBrokerEpoch=List(BrokerState(brokerId=0, brokerEpoch=-1)), leaderRecoveryState=RECOVERED, partitionEpoch=0) (state.change.logger)
[2024-12-31 11:18:21,245] INFO [Controller id=0 epoch=1] Changed partition __consumer_offsets-4 from NewPartition to OnlinePartition with state LeaderAndIsr(leader=0, leaderEpoch=0, isrWithBrokerEpoch=List(BrokerState(brokerId=0, brokerEpoch=-1)), leaderRecoveryState=RECOVERED, partitionEpoch=0) (state.change.logger)
[2024-12-31 11:18:21,245] INFO [Controller id=0 epoch=1] Changed partition __consumer_offsets-27 from NewPartition to OnlinePartition with state LeaderAndIsr(leader=0, leaderEpoch=0, isrWithBrokerEpoch=List(BrokerState(brokerId=0, brokerEpoch=-1)), leaderRecoveryState=RECOVERED, partitionEpoch=0) (state.change.logger)
[2024-12-31 11:18:21,245] INFO [Controller id=0 epoch=1] Changed partition __consumer_offsets-7 from NewPartition to OnlinePartition with state LeaderAndIsr(leader=0, leaderEpoch=0, isrWithBrokerEpoch=List(BrokerState(brokerId=0, brokerEpoch=-1)), leaderRecoveryState=RECOVERED, partitionEpoch=0) (state.change.logger)
[2024-12-31 11:18:21,245] INFO [Controller id=0 epoch=1] Changed partition __consumer_offsets-9 from NewPartition to OnlinePartition with state LeaderAndIsr(leader=0, leaderEpoch=0, isrWithBrokerEpoch=List(BrokerState(brokerId=0, brokerEpoch=-1)), leaderRecoveryState=RECOVERED, partitionEpoch=0) (state.change.logger)
[2024-12-31 11:18:21,245] INFO [Controller id=0 epoch=1] Changed partition __consumer_offsets-46 from NewPartition to OnlinePartition with state LeaderAndIsr(leader=0, leaderEpoch=0, isrWithBrokerEpoch=List(BrokerState(brokerId=0, brokerEpoch=-1)), leaderRecoveryState=RECOVERED, partitionEpoch=0) (state.change.logger)
[2024-12-31 11:18:21,245] INFO [Controller id=0 epoch=1] Changed partition __consumer_offsets-41 from NewPartition to OnlinePartition with state LeaderAndIsr(leader=0, leaderEpoch=0, isrWithBrokerEpoch=List(BrokerState(brokerId=0, brokerEpoch=-1)), leaderRecoveryState=RECOVERED, partitionEpoch=0) (state.change.logger)
[2024-12-31 11:18:21,245] INFO [Controller id=0 epoch=1] Changed partition __consumer_offsets-33 from NewPartition to OnlinePartition with state LeaderAndIsr(leader=0, leaderEpoch=0, isrWithBrokerEpoch=List(BrokerState(brokerId=0, brokerEpoch=-1)), leaderRecoveryState=RECOVERED, partitionEpoch=0) (state.change.logger)
[2024-12-31 11:18:21,245] INFO [Controller id=0 epoch=1] Changed partition __consumer_offsets-23 from NewPartition to OnlinePartition with state LeaderAndIsr(leader=0, leaderEpoch=0, isrWithBrokerEpoch=List(BrokerState(brokerId=0, brokerEpoch=-1)), leaderRecoveryState=RECOVERED, partitionEpoch=0) (state.change.logger)
[2024-12-31 11:18:21,245] INFO [Controller id=0 epoch=1] Changed partition __consumer_offsets-49 from NewPartition to OnlinePartition with state LeaderAndIsr(leader=0, leaderEpoch=0, isrWithBrokerEpoch=List(BrokerState(brokerId=0, brokerEpoch=-1)), leaderRecoveryState=RECOVERED, partitionEpoch=0) (state.change.logger)
[2024-12-31 11:18:21,245] INFO [Controller id=0 epoch=1] Changed partition __consumer_offsets-47 from NewPartition to OnlinePartition with state LeaderAndIsr(leader=0, leaderEpoch=0, isrWithBrokerEpoch=List(BrokerState(brokerId=0, brokerEpoch=-1)), leaderRecoveryState=RECOVERED, partitionEpoch=0) (state.change.logger)
[2024-12-31 11:18:21,245] INFO [Controller id=0 epoch=1] Changed partition __consumer_offsets-16 from NewPartition to OnlinePartition with state LeaderAndIsr(leader=0, leaderEpoch=0, isrWithBrokerEpoch=List(BrokerState(brokerId=0, brokerEpoch=-1)), leaderRecoveryState=RECOVERED, partitionEpoch=0) (state.change.logger)
[2024-12-31 11:18:21,245] INFO [Controller id=0 epoch=1] Changed partition __consumer_offsets-28 from NewPartition to OnlinePartition with state LeaderAndIsr(leader=0, leaderEpoch=0, isrWithBrokerEpoch=List(BrokerState(brokerId=0, brokerEpoch=-1)), leaderRecoveryState=RECOVERED, partitionEpoch=0) (state.change.logger)
[2024-12-31 11:18:21,245] INFO [Controller id=0 epoch=1] Changed partition __consumer_offsets-31 from NewPartition to OnlinePartition with state LeaderAndIsr(leader=0, leaderEpoch=0, isrWithBrokerEpoch=List(BrokerState(brokerId=0, brokerEpoch=-1)), leaderRecoveryState=RECOVERED, partitionEpoch=0) (state.change.logger)
[2024-12-31 11:18:21,245] INFO [Controller id=0 epoch=1] Changed partition __consumer_offsets-36 from NewPartition to OnlinePartition with state LeaderAndIsr(leader=0, leaderEpoch=0, isrWithBrokerEpoch=List(BrokerState(brokerId=0, brokerEpoch=-1)), leaderRecoveryState=RECOVERED, partitionEpoch=0) (state.change.logger)
[2024-12-31 11:18:21,245] INFO [Controller id=0 epoch=1] Changed partition __consumer_offsets-42 from NewPartition to OnlinePartition with state LeaderAndIsr(leader=0, leaderEpoch=0, isrWithBrokerEpoch=List(BrokerState(brokerId=0, brokerEpoch=-1)), leaderRecoveryState=RECOVERED, partitionEpoch=0) (state.change.logger)
[2024-12-31 11:18:21,245] INFO [Controller id=0 epoch=1] Changed partition __consumer_offsets-3 from NewPartition to OnlinePartition with state LeaderAndIsr(leader=0, leaderEpoch=0, isrWithBrokerEpoch=List(BrokerState(brokerId=0, brokerEpoch=-1)), leaderRecoveryState=RECOVERED, partitionEpoch=0) (state.change.logger)
[2024-12-31 11:18:21,245] INFO [Controller id=0 epoch=1] Changed partition __consumer_offsets-18 from NewPartition to OnlinePartition with state LeaderAndIsr(leader=0, leaderEpoch=0, isrWithBrokerEpoch=List(BrokerState(brokerId=0, brokerEpoch=-1)), leaderRecoveryState=RECOVERED, partitionEpoch=0) (state.change.logger)
[2024-12-31 11:18:21,245] INFO [Controller id=0 epoch=1] Changed partition __consumer_offsets-15 from NewPartition to OnlinePartition with state LeaderAndIsr(leader=0, leaderEpoch=0, isrWithBrokerEpoch=List(BrokerState(brokerId=0, brokerEpoch=-1)), leaderRecoveryState=RECOVERED, partitionEpoch=0) (state.change.logger)
[2024-12-31 11:18:21,245] INFO [Controller id=0 epoch=1] Changed partition __consumer_offsets-24 from NewPartition to OnlinePartition with state LeaderAndIsr(leader=0, leaderEpoch=0, isrWithBrokerEpoch=List(BrokerState(brokerId=0, brokerEpoch=-1)), leaderRecoveryState=RECOVERED, partitionEpoch=0) (state.change.logger)
[2024-12-31 11:18:21,245] INFO [Controller id=0 epoch=1] Changed partition __consumer_offsets-17 from NewPartition to OnlinePartition with state LeaderAndIsr(leader=0, leaderEpoch=0, isrWithBrokerEpoch=List(BrokerState(brokerId=0, brokerEpoch=-1)), leaderRecoveryState=RECOVERED, partitionEpoch=0) (state.change.logger)
[2024-12-31 11:18:21,245] INFO [Controller id=0 epoch=1] Changed partition __consumer_offsets-48 from NewPartition to OnlinePartition with state LeaderAndIsr(leader=0, leaderEpoch=0, isrWithBrokerEpoch=List(BrokerState(brokerId=0, brokerEpoch=-1)), leaderRecoveryState=RECOVERED, partitionEpoch=0) (state.change.logger)
[2024-12-31 11:18:21,245] INFO [Controller id=0 epoch=1] Changed partition __consumer_offsets-19 from NewPartition to OnlinePartition with state LeaderAndIsr(leader=0, leaderEpoch=0, isrWithBrokerEpoch=List(BrokerState(brokerId=0, brokerEpoch=-1)), leaderRecoveryState=RECOVERED, partitionEpoch=0) (state.change.logger)
[2024-12-31 11:18:21,246] INFO [Controller id=0 epoch=1] Changed partition __consumer_offsets-11 from NewPartition to OnlinePartition with state LeaderAndIsr(leader=0, leaderEpoch=0, isrWithBrokerEpoch=List(BrokerState(brokerId=0, brokerEpoch=-1)), leaderRecoveryState=RECOVERED, partitionEpoch=0) (state.change.logger)
[2024-12-31 11:18:21,246] INFO [Controller id=0 epoch=1] Changed partition __consumer_offsets-2 from NewPartition to OnlinePartition with state LeaderAndIsr(leader=0, leaderEpoch=0, isrWithBrokerEpoch=List(BrokerState(brokerId=0, brokerEpoch=-1)), leaderRecoveryState=RECOVERED, partitionEpoch=0) (state.change.logger)
[2024-12-31 11:18:21,246] INFO [Controller id=0 epoch=1] Changed partition __consumer_offsets-43 from NewPartition to OnlinePartition with state LeaderAndIsr(leader=0, leaderEpoch=0, isrWithBrokerEpoch=List(BrokerState(brokerId=0, brokerEpoch=-1)), leaderRecoveryState=RECOVERED, partitionEpoch=0) (state.change.logger)
[2024-12-31 11:18:21,246] INFO [Controller id=0 epoch=1] Changed partition __consumer_offsets-6 from NewPartition to OnlinePartition with state LeaderAndIsr(leader=0, leaderEpoch=0, isrWithBrokerEpoch=List(BrokerState(brokerId=0, brokerEpoch=-1)), leaderRecoveryState=RECOVERED, partitionEpoch=0) (state.change.logger)
[2024-12-31 11:18:21,246] INFO [Controller id=0 epoch=1] Changed partition __consumer_offsets-14 from NewPartition to OnlinePartition with state LeaderAndIsr(leader=0, leaderEpoch=0, isrWithBrokerEpoch=List(BrokerState(brokerId=0, brokerEpoch=-1)), leaderRecoveryState=RECOVERED, partitionEpoch=0) (state.change.logger)
[2024-12-31 11:18:21,246] INFO [Controller id=0 epoch=1] Changed partition __consumer_offsets-20 from NewPartition to OnlinePartition with state LeaderAndIsr(leader=0, leaderEpoch=0, isrWithBrokerEpoch=List(BrokerState(brokerId=0, brokerEpoch=-1)), leaderRecoveryState=RECOVERED, partitionEpoch=0) (state.change.logger)
[2024-12-31 11:18:21,246] INFO [Controller id=0 epoch=1] Changed partition __consumer_offsets-0 from NewPartition to OnlinePartition with state LeaderAndIsr(leader=0, leaderEpoch=0, isrWithBrokerEpoch=List(BrokerState(brokerId=0, brokerEpoch=-1)), leaderRecoveryState=RECOVERED, partitionEpoch=0) (state.change.logger)
[2024-12-31 11:18:21,246] INFO [Controller id=0 epoch=1] Changed partition __consumer_offsets-44 from NewPartition to OnlinePartition with state LeaderAndIsr(leader=0, leaderEpoch=0, isrWithBrokerEpoch=List(BrokerState(brokerId=0, brokerEpoch=-1)), leaderRecoveryState=RECOVERED, partitionEpoch=0) (state.change.logger)
[2024-12-31 11:18:21,246] INFO [Controller id=0 epoch=1] Changed partition __consumer_offsets-39 from NewPartition to OnlinePartition with state LeaderAndIsr(leader=0, leaderEpoch=0, isrWithBrokerEpoch=List(BrokerState(brokerId=0, brokerEpoch=-1)), leaderRecoveryState=RECOVERED, partitionEpoch=0) (state.change.logger)
[2024-12-31 11:18:21,246] INFO [Controller id=0 epoch=1] Changed partition __consumer_offsets-12 from NewPartition to OnlinePartition with state LeaderAndIsr(leader=0, leaderEpoch=0, isrWithBrokerEpoch=List(BrokerState(brokerId=0, brokerEpoch=-1)), leaderRecoveryState=RECOVERED, partitionEpoch=0) (state.change.logger)
[2024-12-31 11:18:21,246] INFO [Controller id=0 epoch=1] Changed partition __consumer_offsets-45 from NewPartition to OnlinePartition with state LeaderAndIsr(leader=0, leaderEpoch=0, isrWithBrokerEpoch=List(BrokerState(brokerId=0, brokerEpoch=-1)), leaderRecoveryState=RECOVERED, partitionEpoch=0) (state.change.logger)
[2024-12-31 11:18:21,246] INFO [Controller id=0 epoch=1] Changed partition __consumer_offsets-1 from NewPartition to OnlinePartition with state LeaderAndIsr(leader=0, leaderEpoch=0, isrWithBrokerEpoch=List(BrokerState(brokerId=0, brokerEpoch=-1)), leaderRecoveryState=RECOVERED, partitionEpoch=0) (state.change.logger)
[2024-12-31 11:18:21,246] INFO [Controller id=0 epoch=1] Changed partition __consumer_offsets-5 from NewPartition to OnlinePartition with state LeaderAndIsr(leader=0, leaderEpoch=0, isrWithBrokerEpoch=List(BrokerState(brokerId=0, brokerEpoch=-1)), leaderRecoveryState=RECOVERED, partitionEpoch=0) (state.change.logger)
[2024-12-31 11:18:21,246] INFO [Controller id=0 epoch=1] Changed partition __consumer_offsets-26 from NewPartition to OnlinePartition with state LeaderAndIsr(leader=0, leaderEpoch=0, isrWithBrokerEpoch=List(BrokerState(brokerId=0, brokerEpoch=-1)), leaderRecoveryState=RECOVERED, partitionEpoch=0) (state.change.logger)
[2024-12-31 11:18:21,246] INFO [Controller id=0 epoch=1] Changed partition __consumer_offsets-29 from NewPartition to OnlinePartition with state LeaderAndIsr(leader=0, leaderEpoch=0, isrWithBrokerEpoch=List(BrokerState(brokerId=0, brokerEpoch=-1)), leaderRecoveryState=RECOVERED, partitionEpoch=0) (state.change.logger)
[2024-12-31 11:18:21,246] INFO [Controller id=0 epoch=1] Changed partition __consumer_offsets-34 from NewPartition to OnlinePartition with state LeaderAndIsr(leader=0, leaderEpoch=0, isrWithBrokerEpoch=List(BrokerState(brokerId=0, brokerEpoch=-1)), leaderRecoveryState=RECOVERED, partitionEpoch=0) (state.change.logger)
[2024-12-31 11:18:21,246] INFO [Controller id=0 epoch=1] Changed partition __consumer_offsets-10 from NewPartition to OnlinePartition with state LeaderAndIsr(leader=0, leaderEpoch=0, isrWithBrokerEpoch=List(BrokerState(brokerId=0, brokerEpoch=-1)), leaderRecoveryState=RECOVERED, partitionEpoch=0) (state.change.logger)
[2024-12-31 11:18:21,246] INFO [Controller id=0 epoch=1] Changed partition __consumer_offsets-32 from NewPartition to OnlinePartition with state LeaderAndIsr(leader=0, leaderEpoch=0, isrWithBrokerEpoch=List(BrokerState(brokerId=0, brokerEpoch=-1)), leaderRecoveryState=RECOVERED, partitionEpoch=0) (state.change.logger)
[2024-12-31 11:18:21,246] INFO [Controller id=0 epoch=1] Changed partition __consumer_offsets-40 from NewPartition to OnlinePartition with state LeaderAndIsr(leader=0, leaderEpoch=0, isrWithBrokerEpoch=List(BrokerState(brokerId=0, brokerEpoch=-1)), leaderRecoveryState=RECOVERED, partitionEpoch=0) (state.change.logger)
[2024-12-31 11:18:21,246] INFO [Controller id=0 epoch=1] Sending LeaderAndIsr request to broker 0 with 50 become-leader and 0 become-follower partitions (state.change.logger)
[2024-12-31 11:18:21,247] INFO [Controller id=0 epoch=1] Sending UpdateMetadata request to brokers HashSet(0) for 50 partitions (state.change.logger)
[2024-12-31 11:18:21,248] INFO [Controller id=0 epoch=1] Sending UpdateMetadata request to brokers HashSet() for 0 partitions (state.change.logger)
[2024-12-31 11:18:21,249] INFO [Broker id=0] Handling LeaderAndIsr request correlationId 3 from controller 0 for 50 partitions (state.change.logger)
[2024-12-31 11:18:21,291] INFO [Broker id=0] Stopped fetchers as part of LeaderAndIsr request correlationId 3 from controller 0 epoch 1 as part of the become-leader transition for 50 partitions (state.change.logger)
[2024-12-31 11:18:21,346] INFO [Broker id=0] Leader __consumer_offsets-3 with topic id Some(csBabf9BQM6NFj-VA1Ojlg) starts at leader epoch 0 from offset 0 with partition epoch 0, high watermark 0, ISR [0], adding replicas [] and removing replicas [] . Previous leader None and previous leader epoch was -1. (state.change.logger)
[2024-12-31 11:18:21,378] INFO [Broker id=0] Leader __consumer_offsets-18 with topic id Some(csBabf9BQM6NFj-VA1Ojlg) starts at leader epoch 0 from offset 0 with partition epoch 0, high watermark 0, ISR [0], adding replicas [] and removing replicas [] . Previous leader None and previous leader epoch was -1. (state.change.logger)
[2024-12-31 11:18:21,430] INFO [Broker id=0] Leader __consumer_offsets-41 with topic id Some(csBabf9BQM6NFj-VA1Ojlg) starts at leader epoch 0 from offset 0 with partition epoch 0, high watermark 0, ISR [0], adding replicas [] and removing replicas [] . Previous leader None and previous leader epoch was -1. (state.change.logger)
[2024-12-31 11:18:21,480] INFO [Broker id=0] Leader __consumer_offsets-10 with topic id Some(csBabf9BQM6NFj-VA1Ojlg) starts at leader epoch 0 from offset 0 with partition epoch 0, high watermark 0, ISR [0], adding replicas [] and removing replicas [] . Previous leader None and previous leader epoch was -1. (state.change.logger)
[2024-12-31 11:18:21,532] INFO [Broker id=0] Leader __consumer_offsets-33 with topic id Some(csBabf9BQM6NFj-VA1Ojlg) starts at leader epoch 0 from offset 0 with partition epoch 0, high watermark 0, ISR [0], adding replicas [] and removing replicas [] . Previous leader None and previous leader epoch was -1. (state.change.logger)
[2024-12-31 11:18:21,590] INFO [Broker id=0] Leader __consumer_offsets-48 with topic id Some(csBabf9BQM6NFj-VA1Ojlg) starts at leader epoch 0 from offset 0 with partition epoch 0, high watermark 0, ISR [0], adding replicas [] and removing replicas [] . Previous leader None and previous leader epoch was -1. (state.change.logger)
[2024-12-31 11:18:21,618] INFO [Broker id=0] Leader __consumer_offsets-19 with topic id Some(csBabf9BQM6NFj-VA1Ojlg) starts at leader epoch 0 from offset 0 with partition epoch 0, high watermark 0, ISR [0], adding replicas [] and removing replicas [] . Previous leader None and previous leader epoch was -1. (state.change.logger)
[2024-12-31 11:18:21,669] INFO [Broker id=0] Leader __consumer_offsets-34 with topic id Some(csBabf9BQM6NFj-VA1Ojlg) starts at leader epoch 0 from offset 0 with partition epoch 0, high watermark 0, ISR [0], adding replicas [] and removing replicas [] . Previous leader None and previous leader epoch was -1. (state.change.logger)
[2024-12-31 11:18:21,721] INFO [Broker id=0] Leader __consumer_offsets-4 with topic id Some(csBabf9BQM6NFj-VA1Ojlg) starts at leader epoch 0 from offset 0 with partition epoch 0, high watermark 0, ISR [0], adding replicas [] and removing replicas [] . Previous leader None and previous leader epoch was -1. (state.change.logger)
[2024-12-31 11:18:21,771] INFO [Broker id=0] Leader __consumer_offsets-11 with topic id Some(csBabf9BQM6NFj-VA1Ojlg) starts at leader epoch 0 from offset 0 with partition epoch 0, high watermark 0, ISR [0], adding replicas [] and removing replicas [] . Previous leader None and previous leader epoch was -1. (state.change.logger)
[2024-12-31 11:18:21,821] INFO [Broker id=0] Leader __consumer_offsets-26 with topic id Some(csBabf9BQM6NFj-VA1Ojlg) starts at leader epoch 0 from offset 0 with partition epoch 0, high watermark 0, ISR [0], adding replicas [] and removing replicas [] . Previous leader None and previous leader epoch was -1. (state.change.logger)
[2024-12-31 11:18:21,871] INFO [Broker id=0] Leader __consumer_offsets-49 with topic id Some(csBabf9BQM6NFj-VA1Ojlg) starts at leader epoch 0 from offset 0 with partition epoch 0, high watermark 0, ISR [0], adding replicas [] and removing replicas [] . Previous leader None and previous leader epoch was -1. (state.change.logger)
[2024-12-31 11:18:21,923] INFO [Broker id=0] Leader __consumer_offsets-39 with topic id Some(csBabf9BQM6NFj-VA1Ojlg) starts at leader epoch 0 from offset 0 with partition epoch 0, high watermark 0, ISR [0], adding replicas [] and removing replicas [] . Previous leader None and previous leader epoch was -1. (state.change.logger)
[2024-12-31 11:18:21,974] INFO [Broker id=0] Leader __consumer_offsets-9 with topic id Some(csBabf9BQM6NFj-VA1Ojlg) starts at leader epoch 0 from offset 0 with partition epoch 0, high watermark 0, ISR [0], adding replicas [] and removing replicas [] . Previous leader None and previous leader epoch was -1. (state.change.logger)
[2024-12-31 11:18:22,030] INFO [Broker id=0] Leader __consumer_offsets-24 with topic id Some(csBabf9BQM6NFj-VA1Ojlg) starts at leader epoch 0 from offset 0 with partition epoch 0, high watermark 0, ISR [0], adding replicas [] and removing replicas [] . Previous leader None and previous leader epoch was -1. (state.change.logger)
[2024-12-31 11:18:22,079] INFO [Broker id=0] Leader __consumer_offsets-31 with topic id Some(csBabf9BQM6NFj-VA1Ojlg) starts at leader epoch 0 from offset 0 with partition epoch 0, high watermark 0, ISR [0], adding replicas [] and removing replicas [] . Previous leader None and previous leader epoch was -1. (state.change.logger)
[2024-12-31 11:18:22,136] INFO [Broker id=0] Leader __consumer_offsets-46 with topic id Some(csBabf9BQM6NFj-VA1Ojlg) starts at leader epoch 0 from offset 0 with partition epoch 0, high watermark 0, ISR [0], adding replicas [] and removing replicas [] . Previous leader None and previous leader epoch was -1. (state.change.logger)
[2024-12-31 11:18:22,219] INFO [Broker id=0] Leader __consumer_offsets-1 with topic id Some(csBabf9BQM6NFj-VA1Ojlg) starts at leader epoch 0 from offset 0 with partition epoch 0, high watermark 0, ISR [0], adding replicas [] and removing replicas [] . Previous leader None and previous leader epoch was -1. (state.change.logger)
[2024-12-31 11:18:22,269] INFO [Broker id=0] Leader __consumer_offsets-16 with topic id Some(csBabf9BQM6NFj-VA1Ojlg) starts at leader epoch 0 from offset 0 with partition epoch 0, high watermark 0, ISR [0], adding replicas [] and removing replicas [] . Previous leader None and previous leader epoch was -1. (state.change.logger)
[2024-12-31 11:18:22,319] INFO [Broker id=0] Leader __consumer_offsets-2 with topic id Some(csBabf9BQM6NFj-VA1Ojlg) starts at leader epoch 0 from offset 0 with partition epoch 0, high watermark 0, ISR [0], adding replicas [] and removing replicas [] . Previous leader None and previous leader epoch was -1. (state.change.logger)
[2024-12-31 11:18:22,369] INFO [Broker id=0] Leader __consumer_offsets-25 with topic id Some(csBabf9BQM6NFj-VA1Ojlg) starts at leader epoch 0 from offset 0 with partition epoch 0, high watermark 0, ISR [0], adding replicas [] and removing replicas [] . Previous leader None and previous leader epoch was -1. (state.change.logger)
[2024-12-31 11:18:22,424] INFO [Broker id=0] Leader __consumer_offsets-40 with topic id Some(csBabf9BQM6NFj-VA1Ojlg) starts at leader epoch 0 from offset 0 with partition epoch 0, high watermark 0, ISR [0], adding replicas [] and removing replicas [] . Previous leader None and previous leader epoch was -1. (state.change.logger)
[2024-12-31 11:18:22,474] INFO [Broker id=0] Leader __consumer_offsets-47 with topic id Some(csBabf9BQM6NFj-VA1Ojlg) starts at leader epoch 0 from offset 0 with partition epoch 0, high watermark 0, ISR [0], adding replicas [] and removing replicas [] . Previous leader None and previous leader epoch was -1. (state.change.logger)
[2024-12-31 11:18:22,523] INFO [Broker id=0] Leader __consumer_offsets-17 with topic id Some(csBabf9BQM6NFj-VA1Ojlg) starts at leader epoch 0 from offset 0 with partition epoch 0, high watermark 0, ISR [0], adding replicas [] and removing replicas [] . Previous leader None and previous leader epoch was -1. (state.change.logger)
[2024-12-31 11:18:22,575] INFO [Broker id=0] Leader __consumer_offsets-32 with topic id Some(csBabf9BQM6NFj-VA1Ojlg) starts at leader epoch 0 from offset 0 with partition epoch 0, high watermark 0, ISR [0], adding replicas [] and removing replicas [] . Previous leader None and previous leader epoch was -1. (state.change.logger)
[2024-12-31 11:18:22,628] INFO [Broker id=0] Leader __consumer_offsets-37 with topic id Some(csBabf9BQM6NFj-VA1Ojlg) starts at leader epoch 0 from offset 0 with partition epoch 0, high watermark 0, ISR [0], adding replicas [] and removing replicas [] . Previous leader None and previous leader epoch was -1. (state.change.logger)
[2024-12-31 11:18:22,677] INFO [Broker id=0] Leader __consumer_offsets-7 with topic id Some(csBabf9BQM6NFj-VA1Ojlg) starts at leader epoch 0 from offset 0 with partition epoch 0, high watermark 0, ISR [0], adding replicas [] and removing replicas [] . Previous leader None and previous leader epoch was -1. (state.change.logger)
[2024-12-31 11:18:22,727] INFO [Broker id=0] Leader __consumer_offsets-22 with topic id Some(csBabf9BQM6NFj-VA1Ojlg) starts at leader epoch 0 from offset 0 with partition epoch 0, high watermark 0, ISR [0], adding replicas [] and removing replicas [] . Previous leader None and previous leader epoch was -1. (state.change.logger)
[2024-12-31 11:18:22,778] INFO [Broker id=0] Leader __consumer_offsets-29 with topic id Some(csBabf9BQM6NFj-VA1Ojlg) starts at leader epoch 0 from offset 0 with partition epoch 0, high watermark 0, ISR [0], adding replicas [] and removing replicas [] . Previous leader None and previous leader epoch was -1. (state.change.logger)
[2024-12-31 11:18:22,829] INFO [Broker id=0] Leader __consumer_offsets-44 with topic id Some(csBabf9BQM6NFj-VA1Ojlg) starts at leader epoch 0 from offset 0 with partition epoch 0, high watermark 0, ISR [0], adding replicas [] and removing replicas [] . Previous leader None and previous leader epoch was -1. (state.change.logger)
[2024-12-31 11:18:22,879] INFO [Broker id=0] Leader __consumer_offsets-14 with topic id Some(csBabf9BQM6NFj-VA1Ojlg) starts at leader epoch 0 from offset 0 with partition epoch 0, high watermark 0, ISR [0], adding replicas [] and removing replicas [] . Previous leader None and previous leader epoch was -1. (state.change.logger)
[2024-12-31 11:18:22,928] INFO [Broker id=0] Leader __consumer_offsets-23 with topic id Some(csBabf9BQM6NFj-VA1Ojlg) starts at leader epoch 0 from offset 0 with partition epoch 0, high watermark 0, ISR [0], adding replicas [] and removing replicas [] . Previous leader None and previous leader epoch was -1. (state.change.logger)
[2024-12-31 11:18:22,976] INFO [Broker id=0] Leader __consumer_offsets-38 with topic id Some(csBabf9BQM6NFj-VA1Ojlg) starts at leader epoch 0 from offset 0 with partition epoch 0, high watermark 0, ISR [0], adding replicas [] and removing replicas [] . Previous leader None and previous leader epoch was -1. (state.change.logger)
[2024-12-31 11:18:23,024] INFO [Broker id=0] Leader __consumer_offsets-8 with topic id Some(csBabf9BQM6NFj-VA1Ojlg) starts at leader epoch 0 from offset 0 with partition epoch 0, high watermark 0, ISR [0], adding replicas [] and removing replicas [] . Previous leader None and previous leader epoch was -1. (state.change.logger)
[2024-12-31 11:18:23,074] INFO [Broker id=0] Leader __consumer_offsets-45 with topic id Some(csBabf9BQM6NFj-VA1Ojlg) starts at leader epoch 0 from offset 0 with partition epoch 0, high watermark 0, ISR [0], adding replicas [] and removing replicas [] . Previous leader None and previous leader epoch was -1. (state.change.logger)
[2024-12-31 11:18:23,125] INFO [Broker id=0] Leader __consumer_offsets-15 with topic id Some(csBabf9BQM6NFj-VA1Ojlg) starts at leader epoch 0 from offset 0 with partition epoch 0, high watermark 0, ISR [0], adding replicas [] and removing replicas [] . Previous leader None and previous leader epoch was -1. (state.change.logger)
[2024-12-31 11:18:23,173] INFO [Broker id=0] Leader __consumer_offsets-30 with topic id Some(csBabf9BQM6NFj-VA1Ojlg) starts at leader epoch 0 from offset 0 with partition epoch 0, high watermark 0, ISR [0], adding replicas [] and removing replicas [] . Previous leader None and previous leader epoch was -1. (state.change.logger)
[2024-12-31 11:18:23,221] INFO [Broker id=0] Leader __consumer_offsets-0 with topic id Some(csBabf9BQM6NFj-VA1Ojlg) starts at leader epoch 0 from offset 0 with partition epoch 0, high watermark 0, ISR [0], adding replicas [] and removing replicas [] . Previous leader None and previous leader epoch was -1. (state.change.logger)
[2024-12-31 11:18:23,269] INFO [Broker id=0] Leader __consumer_offsets-35 with topic id Some(csBabf9BQM6NFj-VA1Ojlg) starts at leader epoch 0 from offset 0 with partition epoch 0, high watermark 0, ISR [0], adding replicas [] and removing replicas [] . Previous leader None and previous leader epoch was -1. (state.change.logger)
[2024-12-31 11:18:23,312] INFO [Broker id=0] Leader __consumer_offsets-5 with topic id Some(csBabf9BQM6NFj-VA1Ojlg) starts at leader epoch 0 from offset 0 with partition epoch 0, high watermark 0, ISR [0], adding replicas [] and removing replicas [] . Previous leader None and previous leader epoch was -1. (state.change.logger)
[2024-12-31 11:18:23,361] INFO [Broker id=0] Leader __consumer_offsets-20 with topic id Some(csBabf9BQM6NFj-VA1Ojlg) starts at leader epoch 0 from offset 0 with partition epoch 0, high watermark 0, ISR [0], adding replicas [] and removing replicas [] . Previous leader None and previous leader epoch was -1. (state.change.logger)
[2024-12-31 11:18:23,410] INFO [Broker id=0] Leader __consumer_offsets-27 with topic id Some(csBabf9BQM6NFj-VA1Ojlg) starts at leader epoch 0 from offset 0 with partition epoch 0, high watermark 0, ISR [0], adding replicas [] and removing replicas [] . Previous leader None and previous leader epoch was -1. (state.change.logger)
[2024-12-31 11:18:23,460] INFO [Broker id=0] Leader __consumer_offsets-42 with topic id Some(csBabf9BQM6NFj-VA1Ojlg) starts at leader epoch 0 from offset 0 with partition epoch 0, high watermark 0, ISR [0], adding replicas [] and removing replicas [] . Previous leader None and previous leader epoch was -1. (state.change.logger)
[2024-12-31 11:18:23,508] INFO [Broker id=0] Leader __consumer_offsets-12 with topic id Some(csBabf9BQM6NFj-VA1Ojlg) starts at leader epoch 0 from offset 0 with partition epoch 0, high watermark 0, ISR [0], adding replicas [] and removing replicas [] . Previous leader None and previous leader epoch was -1. (state.change.logger)
[2024-12-31 11:18:23,557] INFO [Broker id=0] Leader __consumer_offsets-21 with topic id Some(csBabf9BQM6NFj-VA1Ojlg) starts at leader epoch 0 from offset 0 with partition epoch 0, high watermark 0, ISR [0], adding replicas [] and removing replicas [] . Previous leader None and previous leader epoch was -1. (state.change.logger)
[2024-12-31 11:18:23,606] INFO [Broker id=0] Leader __consumer_offsets-36 with topic id Some(csBabf9BQM6NFj-VA1Ojlg) starts at leader epoch 0 from offset 0 with partition epoch 0, high watermark 0, ISR [0], adding replicas [] and removing replicas [] . Previous leader None and previous leader epoch was -1. (state.change.logger)
[2024-12-31 11:18:23,657] INFO [Broker id=0] Leader __consumer_offsets-6 with topic id Some(csBabf9BQM6NFj-VA1Ojlg) starts at leader epoch 0 from offset 0 with partition epoch 0, high watermark 0, ISR [0], adding replicas [] and removing replicas [] . Previous leader None and previous leader epoch was -1. (state.change.logger)
[2024-12-31 11:18:23,706] INFO [Broker id=0] Leader __consumer_offsets-43 with topic id Some(csBabf9BQM6NFj-VA1Ojlg) starts at leader epoch 0 from offset 0 with partition epoch 0, high watermark 0, ISR [0], adding replicas [] and removing replicas [] . Previous leader None and previous leader epoch was -1. (state.change.logger)
[2024-12-31 11:18:23,755] INFO [Broker id=0] Leader __consumer_offsets-13 with topic id Some(csBabf9BQM6NFj-VA1Ojlg) starts at leader epoch 0 from offset 0 with partition epoch 0, high watermark 0, ISR [0], adding replicas [] and removing replicas [] . Previous leader None and previous leader epoch was -1. (state.change.logger)
[2024-12-31 11:18:23,804] INFO [Broker id=0] Leader __consumer_offsets-28 with topic id Some(csBabf9BQM6NFj-VA1Ojlg) starts at leader epoch 0 from offset 0 with partition epoch 0, high watermark 0, ISR [0], adding replicas [] and removing replicas [] . Previous leader None and previous leader epoch was -1. (state.change.logger)
[2024-12-31 11:18:23,854] INFO [Broker id=0] Finished LeaderAndIsr request in 2605ms correlationId 3 from controller 0 for 50 partitions (state.change.logger)
[2024-12-31 11:18:23,857] INFO [Broker id=0] Add 50 partitions and deleted 0 partitions from metadata cache in response to UpdateMetadata request sent by controller 0 epoch 1 with correlation id 4 (state.change.logger)
